0%: 	0	0	309555	(374 0)
1%: 	417791	409599	403983	(374 12799)
2%: 	430079	425983	419153	(3082 12863)
3%: 	438271	434175	429019	(3749 13055)
4%: 	446463	442367	438044	(3788 13183)
5%: 	454655	450559	444740	(3807 13311)
6%: 	458751	456703	451091	(3813 13311)
7%: 	466943	458751	457471	(3818 13411)
8%: 	468991	466943	462403	(3832 13423)
9%: 	475135	468991	467359	(3846 13439)
10%: 	483327	479231	472393	(3858 13691)
11%: 	485375	483327	477193	(3869 13695)
12%: 	491519	487423	481605	(3872 13695)
13%: 	493567	491519	485584	(3877 13823)
14%: 	499711	495615	490135	(3888 13975)
15%: 	505855	499711	495198	(3902 13983)
16%: 	507903	505855	499595	(3902 14079)
17%: 	516095	507903	504064	(3916 14255)
18%: 	524287	516095	508854	(3927 14271)
19%: 	524287	520191	513606	(3947 14335)
20%: 	530431	524287	518289	(3950 14335)
21%: 	534527	524287	522422	(3975 14591)
22%: 	538623	532479	527054	(4017 14847)
23%: 	542719	534527	531410	(4064 15359)
24%: 	548863	538623	535807	(4095 16383)
25%: 	552959	542719	540172	(4106 23807)
26%: 	557055	548863	543922	(4123 24063)
27%: 	561151	555007	548262	(4165 24584)
28%: 	565247	557055	552379	(4218 24584)
29%: 	571391	561151	556503	(4249 24639)
30%: 	575487	565247	560579	(4263 24863)
31%: 	578559	571391	565460	(4265 24863)
32%: 	583679	573439	569957	(4293 24871)
33%: 	587775	577535	574209	(4316 24959)
34%: 	595967	583679	578163	(4335 25142)
35%: 	600063	589823	582598	(4338 25143)
36%: 	604159	595967	587249	(4352 25143)
37%: 	606207	598015	591995	(4358 25151)
38%: 	612351	604159	596436	(4374 25422)
39%: 	614399	606207	600572	(4377 25422)
40%: 	620543	612351	605191	(4402 25423)
41%: 	622591	614399	609510	(4408 25471)
42%: 	630783	620543	613969	(4413 25701)
43%: 	638975	622591	618310	(4413 25702)
44%: 	643071	630783	622512	(4425 25727)
45%: 	647167	634879	628197	(4436 25981)
46%: 	651263	641023	633594	(4439 25981)
47%: 	655359	647167	638572	(4453 25981)
48%: 	665599	651263	643598	(4455 26111)
49%: 	671743	655359	648296	(4458 26260)
50%: 	679935	659455	654465	(4461 26260)
51%: 	688127	667647	661301	(4461 26367)
52%: 	694271	671743	667128	(4469 26539)
53%: 	704511	684031	673690	(4472 26540)
54%: 	712703	688127	680573	(4475 26540)
55%: 	720895	694271	687431	(4483 26623)
56%: 	724991	704511	695646	(4483 26819)
57%: 	737279	712703	702727	(4492 26819)
58%: 	745471	720895	711942	(4492 26819)
59%: 	757759	729087	720764	(4525 27098)
60%: 	786431	741375	730824	(4525 27098)
61%: 	794623	757759	739979	(4528 27099)
62%: 	811007	770047	750954	(4539 27135)
63%: 	827391	786431	762558	(4550 27378)
64%: 	851967	786431	774497	(4562 27391)
65%: 	884735	794623	788366	(4570 27647)
66%: 	901119	819199	804163	(4576 27657)
67%: 	917503	835583	819908	(4587 27659)
68%: 	925695	851967	835698	(4592 27936)
69%: 	974847	868351	853763	(4598 27937)
70%: 	991231	892927	871675	(4601 27937)
71%: 	1015807	917503	893546	(4601 28223)
72%: 	1048575	933887	915888	(4606 28223)
73%: 	1048575	974847	934199	(4609 28495)
74%: 	1097727	983039	958961	(4623 28495)
75%: 	1114111	1015807	982435	(4626 28671)
76%: 	1163263	1048575	1007453	(4631 28775)
77%: 	1228799	1064959	1035496	(4640 28775)
78%: 	1245183	1097727	1065177	(4651 29054)
79%: 	1310719	1114111	1092642	(4662 29333)
80%: 	1327103	1163263	1126237	(4673 29695)
81%: 	1376255	1196031	1161490	(4679 30207)
82%: 	1474559	1228799	1196737	(4682 30451)
83%: 	1540095	1277951	1238038	(4693 30730)
84%: 	1572863	1327103	1284373	(4704 31289)
85%: 	1638399	1409023	1337691	(4729 31743)
86%: 	1703935	1474559	1392355	(4754 32406)
87%: 	1736703	1572863	1462064	(4760 32767)
88%: 	1835007	1638399	1533089	(4788 32965)
89%: 	1900543	1703935	1599315	(4799 33791)
90%: 	2097151	1736703	1659309	(4807 34815)
91%: 	2228223	1835007	1710327	(4852 37887)
92%: 	2490367	1900543	1768404	(4869 40959)
93%: 	2883583	2097151	1846756	(4888 8796093022207)
94%: 	4194303	2752511	1923611	(4936 70368744177663)
95%: 	140737488355327	1125899906842623	2046434	(5293 562949953421311)
96%: 	1125899906842623	9007199254740991	2177029	(5545 4503599627370495)
97%: 	18014398509481983	72057594037927935	2341211	(5573 18014398509481983)
98%: 	288230376151711743	576460752303423487	2585720	(5992 288230376151711743)
99%: 	1152921504606846975	2305843009213693951	3336168	(6632 2305843009213693951)
100%: 	9223372036854775807	9223372036854775807	434245661	(30897 9223372036854775807)
digest size: 	312	310
